# JRE version: OpenJDK Runtime Environment Temurin-21.0.7+6 (21.0.7+6) (build 21.0.7+6-LTS)
# Java VM: OpenJDK 64-Bit Server VM Temurin-21.0.7+6 (21.0.7+6-LTS, mixed mode, sharing, tiered, compressed oops, compressed class ptrs, parallel gc, windows-amd64)
GC Precious Log:
 CardTable entry size: 512
 CPUs: 12 total, 12 available
 Memory: 15741M
 Large Page Support: Disabled
 NUMA Support: Disabled
 Compressed Oops: Enabled (32-bit)
 Alignments: Space 512K, Generation 512K, Heap 2M
 Heap Min Capacity: 100M
 Heap Initial Capacity: 100M
 Heap Max Capacity: 1G
 Pre-touch: Disabled
 Parallel Workers: 10
Heap:
 PSYoungGen      total 3072K, used 837K [0x00000000eab00000, 0x00000000eb180000, 0x0000000100000000)
  eden space 2560K, 13% used [0x00000000eab00000,0x00000000eab55440,0x00000000ead80000)
  from space 512K, 96% used [0x00000000eb100000,0x00000000eb17c010,0x00000000eb180000)
  to   space 1024K, 0% used [0x00000000eaf80000,0x00000000eaf80000,0x00000000eb080000)
 ParOldGen       total 272384K, used 259057K [0x00000000c0000000, 0x00000000d0a00000, 0x00000000eab00000)
  object space 272384K, 95% used [0x00000000c0000000,0x00000000cfcfc6e8,0x00000000d0a00000)
 Metaspace       used 86442K, committed 88064K, reserved 1179648K
  class space    used 10044K, committed 10752K, reserved 1048576K
GC Heap History (20 events):
Event: 57.147 GC heap before
{Heap before GC invocations=754 (full 4):
 PSYoungGen      total 6144K, used 6121K [0x00000000eab00000, 0x00000000ebb80000, 0x0000000100000000)
  eden space 5632K, 100% used [0x00000000eab00000,0x00000000eb080000,0x00000000eb080000)
  from space 512K, 95% used [0x00000000eb500000,0x00000000eb57a420,0x00000000eb580000)
  to   space 4608K, 0% used [0x00000000eb080000,0x00000000eb080000,0x00000000eb500000)
 ParOldGen       total 272384K, used 248605K [0x00000000c0000000, 0x00000000d0a00000, 0x00000000eab00000)
  object space 272384K, 91% used [0x00000000c0000000,0x00000000cf2c7448,0x00000000d0a00000)
 Metaspace       used 85896K, committed 87552K, reserved 1179648K
  class space    used 10020K, committed 10752K, reserved 1048576K
}
Event: 57.149 GC heap after
{Heap after GC invocations=754 (full 4):
 PSYoungGen      total 8192K, used 2400K [0x00000000eab00000, 0x00000000eb680000, 0x0000000100000000)
  eden space 5632K, 0% used [0x00000000eab00000,0x00000000eab00000,0x00000000eb080000)
  from space 2560K, 93% used [0x00000000eb080000,0x00000000eb2d8000,0x00000000eb300000)
  to   space 3072K, 0% used [0x00000000eb380000,0x00000000eb380000,0x00000000eb680000)
 ParOldGen       total 272384K, used 249139K [0x00000000c0000000, 0x00000000d0a00000, 0x00000000eab00000)
  object space 272384K, 91% used [0x00000000c0000000,0x00000000cf34cce8,0x00000000d0a00000)
 Metaspace       used 85896K, committed 87552K, reserved 1179648K
  class space    used 10020K, committed 10752K, reserved 1048576K
}
Event: 57.189 GC heap before
{Heap before GC invocations=755 (full 4):
 PSYoungGen      total 8192K, used 8032K [0x00000000eab00000, 0x00000000eb680000, 0x0000000100000000)
  eden space 5632K, 100% used [0x00000000eab00000,0x00000000eb080000,0x00000000eb080000)
  from space 2560K, 93% used [0x00000000eb080000,0x00000000eb2d8000,0x00000000eb300000)
  to   space 3072K, 0% used [0x00000000eb380000,0x00000000eb380000,0x00000000eb680000)
 ParOldGen       total 272384K, used 249139K [0x00000000c0000000, 0x00000000d0a00000, 0x00000000eab00000)
  object space 272384K, 91% used [0x00000000c0000000,0x00000000cf34cce8,0x00000000d0a00000)
 Metaspace       used 85908K, committed 87552K, reserved 1179648K
  class space    used 10020K, committed 10752K, reserved 1048576K
}
Event: 57.192 GC heap after
{Heap after GC invocations=755 (full 4):
 PSYoungGen      total 5632K, used 3058K [0x00000000eab00000, 0x00000000ebc80000, 0x0000000100000000)
  eden space 2560K, 0% used [0x00000000eab00000,0x00000000eab00000,0x00000000ead80000)
  from space 3072K, 99% used [0x00000000eb380000,0x00000000eb67c840,0x00000000eb680000)
  to   space 6144K, 0% used [0x00000000ead80000,0x00000000ead80000,0x00000000eb380000)
 ParOldGen       total 272384K, used 251275K [0x00000000c0000000, 0x00000000d0a00000, 0x00000000eab00000)
  object space 272384K, 92% used [0x00000000c0000000,0x00000000cf562ce8,0x00000000d0a00000)
 Metaspace       used 85908K, committed 87552K, reserved 1179648K
  class space    used 10020K, committed 10752K, reserved 1048576K
}
Event: 57.223 GC heap before
{Heap before GC invocations=756 (full 4):
 PSYoungGen      total 5632K, used 5618K [0x00000000eab00000, 0x00000000ebc80000, 0x0000000100000000)
  eden space 2560K, 99% used [0x00000000eab00000,0x00000000ead7fff0,0x00000000ead80000)
  from space 3072K, 99% used [0x00000000eb380000,0x00000000eb67c840,0x00000000eb680000)
  to   space 6144K, 0% used [0x00000000ead80000,0x00000000ead80000,0x00000000eb380000)
 ParOldGen       total 272384K, used 251275K [0x00000000c0000000, 0x00000000d0a00000, 0x00000000eab00000)
  object space 272384K, 92% used [0x00000000c0000000,0x00000000cf562ce8,0x00000000d0a00000)
 Metaspace       used 85916K, committed 87552K, reserved 1179648K
  class space    used 10020K, committed 10752K, reserved 1048576K
}
Event: 57.225 GC heap after
{Heap after GC invocations=756 (full 4):
 PSYoungGen      total 3584K, used 992K [0x00000000eab00000, 0x00000000eb400000, 0x0000000100000000)
  eden space 2560K, 0% used [0x00000000eab00000,0x00000000eab00000,0x00000000ead80000)
  from space 1024K, 96% used [0x00000000ead80000,0x00000000eae78000,0x00000000eae80000)
  to   space 2560K, 0% used [0x00000000eb180000,0x00000000eb180000,0x00000000eb400000)
 ParOldGen       total 272384K, used 254381K [0x00000000c0000000, 0x00000000d0a00000, 0x00000000eab00000)
  object space 272384K, 93% used [0x00000000c0000000,0x00000000cf86b528,0x00000000d0a00000)
 Metaspace       used 85916K, committed 87552K, reserved 1179648K
  class space    used 10020K, committed 10752K, reserved 1048576K
}
Event: 57.252 GC heap before
{Heap before GC invocations=757 (full 4):
 PSYoungGen      total 3584K, used 3552K [0x00000000eab00000, 0x00000000eb400000, 0x0000000100000000)
  eden space 2560K, 100% used [0x00000000eab00000,0x00000000ead80000,0x00000000ead80000)
  from space 1024K, 96% used [0x00000000ead80000,0x00000000eae78000,0x00000000eae80000)
  to   space 2560K, 0% used [0x00000000eb180000,0x00000000eb180000,0x00000000eb400000)
 ParOldGen       total 272384K, used 254381K [0x00000000c0000000, 0x00000000d0a00000, 0x00000000eab00000)
  object space 272384K, 93% used [0x00000000c0000000,0x00000000cf86b528,0x00000000d0a00000)
 Metaspace       used 85935K, committed 87616K, reserved 1179648K
  class space    used 10021K, committed 10752K, reserved 1048576K
}
Event: 57.253 GC heap after
{Heap after GC invocations=757 (full 4):
 PSYoungGen      total 3584K, used 992K [0x00000000eab00000, 0x00000000eb280000, 0x0000000100000000)
  eden space 2560K, 0% used [0x00000000eab00000,0x00000000eab00000,0x00000000ead80000)
  from space 1024K, 96% used [0x00000000eb180000,0x00000000eb278178,0x00000000eb280000)
  to   space 1536K, 0% used [0x00000000eaf80000,0x00000000eaf80000,0x00000000eb100000)
 ParOldGen       total 272384K, used 255213K [0x00000000c0000000, 0x00000000d0a00000, 0x00000000eab00000)
  object space 272384K, 93% used [0x00000000c0000000,0x00000000cf93b528,0x00000000d0a00000)
 Metaspace       used 85935K, committed 87616K, reserved 1179648K
  class space    used 10021K, committed 10752K, reserved 1048576K
}
Event: 57.281 GC heap before
{Heap before GC invocations=758 (full 4):
 PSYoungGen      total 3584K, used 3552K [0x00000000eab00000, 0x00000000eb280000, 0x0000000100000000)
  eden space 2560K, 99% used [0x00000000eab00000,0x00000000ead7fff8,0x00000000ead80000)
  from space 1024K, 96% used [0x00000000eb180000,0x00000000eb278178,0x00000000eb280000)
  to   space 1536K, 0% used [0x00000000eaf80000,0x00000000eaf80000,0x00000000eb100000)
 ParOldGen       total 272384K, used 255213K [0x00000000c0000000, 0x00000000d0a00000, 0x00000000eab00000)
  object space 272384K, 93% used [0x00000000c0000000,0x00000000cf93b528,0x00000000d0a00000)
 Metaspace       used 86073K, committed 87744K, reserved 1179648K
  class space    used 10031K, committed 10752K, reserved 1048576K
}
Event: 57.283 GC heap after
{Heap after GC invocations=758 (full 4):
 PSYoungGen      total 4096K, used 736K [0x00000000eab00000, 0x00000000eb200000, 0x0000000100000000)
  eden space 2560K, 0% used [0x00000000eab00000,0x00000000eab00000,0x00000000ead80000)
  from space 1536K, 47% used [0x00000000eaf80000,0x00000000eb038020,0x00000000eb100000)
  to   space 1024K, 0% used [0x00000000eb100000,0x00000000eb100000,0x00000000eb200000)
 ParOldGen       total 272384K, used 256221K [0x00000000c0000000, 0x00000000d0a00000, 0x00000000eab00000)
  object space 272384K, 94% used [0x00000000c0000000,0x00000000cfa37548,0x00000000d0a00000)
 Metaspace       used 86073K, committed 87744K, reserved 1179648K
  class space    used 10031K, committed 10752K, reserved 1048576K
}
Event: 57.332 GC heap before
{Heap before GC invocations=759 (full 4):
 PSYoungGen      total 4096K, used 3296K [0x00000000eab00000, 0x00000000eb200000, 0x0000000100000000)
  eden space 2560K, 100% used [0x00000000eab00000,0x00000000ead80000,0x00000000ead80000)
  from space 1536K, 47% used [0x00000000eaf80000,0x00000000eb038020,0x00000000eb100000)
  to   space 1024K, 0% used [0x00000000eb100000,0x00000000eb100000,0x00000000eb200000)
 ParOldGen       total 272384K, used 256221K [0x00000000c0000000, 0x00000000d0a00000, 0x00000000eab00000)
  object space 272384K, 94% used [0x00000000c0000000,0x00000000cfa37548,0x00000000d0a00000)
 Metaspace       used 86237K, committed 87872K, reserved 1179648K
  class space    used 10037K, committed 10752K, reserved 1048576K
}
Event: 57.334 GC heap after
{Heap after GC invocations=759 (full 4):
 PSYoungGen      total 3584K, used 704K [0x00000000eab00000, 0x00000000eb200000, 0x0000000100000000)
  eden space 2560K, 0% used [0x00000000eab00000,0x00000000eab00000,0x00000000ead80000)
  from space 1024K, 68% used [0x00000000eb100000,0x00000000eb1b0000,0x00000000eb200000)
  to   space 1024K, 0% used [0x00000000eb000000,0x00000000eb000000,0x00000000eb100000)
 ParOldGen       total 272384K, used 257189K [0x00000000c0000000, 0x00000000d0a00000, 0x00000000eab00000)
  object space 272384K, 94% used [0x00000000c0000000,0x00000000cfb29568,0x00000000d0a00000)
 Metaspace       used 86237K, committed 87872K, reserved 1179648K
  class space    used 10037K, committed 10752K, reserved 1048576K
}
Event: 57.381 GC heap before
{Heap before GC invocations=760 (full 4):
 PSYoungGen      total 3584K, used 3264K [0x00000000eab00000, 0x00000000eb200000, 0x0000000100000000)
  eden space 2560K, 100% used [0x00000000eab00000,0x00000000ead80000,0x00000000ead80000)
  from space 1024K, 68% used [0x00000000eb100000,0x00000000eb1b0000,0x00000000eb200000)
  to   space 1024K, 0% used [0x00000000eb000000,0x00000000eb000000,0x00000000eb100000)
 ParOldGen       total 272384K, used 257189K [0x00000000c0000000, 0x00000000d0a00000, 0x00000000eab00000)
  object space 272384K, 94% used [0x00000000c0000000,0x00000000cfb29568,0x00000000d0a00000)
 Metaspace       used 86351K, committed 87936K, reserved 1179648K
  class space    used 10043K, committed 10752K, reserved 1048576K
}
Event: 57.383 GC heap after
{Heap after GC invocations=760 (full 4):
 PSYoungGen      total 3584K, used 992K [0x00000000eab00000, 0x00000000eb180000, 0x0000000100000000)
  eden space 2560K, 0% used [0x00000000eab00000,0x00000000eab00000,0x00000000ead80000)
  from space 1024K, 96% used [0x00000000eb000000,0x00000000eb0f8010,0x00000000eb100000)
  to   space 512K, 0% used [0x00000000eb100000,0x00000000eb100000,0x00000000eb180000)
 ParOldGen       total 272384K, used 257774K [0x00000000c0000000, 0x00000000d0a00000, 0x00000000eab00000)
  object space 272384K, 94% used [0x00000000c0000000,0x00000000cfbbb938,0x00000000d0a00000)
 Metaspace       used 86351K, committed 87936K, reserved 1179648K
  class space    used 10043K, committed 10752K, reserved 1048576K
}
Event: 57.479 GC heap before
{Heap before GC invocations=761 (full 4):
 PSYoungGen      total 3584K, used 3552K [0x00000000eab00000, 0x00000000eb180000, 0x0000000100000000)
  eden space 2560K, 99% used [0x00000000eab00000,0x00000000ead7fff0,0x00000000ead80000)
  from space 1024K, 96% used [0x00000000eb000000,0x00000000eb0f8010,0x00000000eb100000)
  to   space 512K, 0% used [0x00000000eb100000,0x00000000eb100000,0x00000000eb180000)
 ParOldGen       total 272384K, used 257774K [0x00000000c0000000, 0x00000000d0a00000, 0x00000000eab00000)
  object space 272384K, 94% used [0x00000000c0000000,0x00000000cfbbb938,0x00000000d0a00000)
 Metaspace       used 86363K, committed 87936K, reserved 1179648K
  class space    used 10044K, committed 10752K, reserved 1048576K
}
Event: 57.480 GC heap after
{Heap after GC invocations=761 (full 4):
 PSYoungGen      total 3072K, used 512K [0x00000000eab00000, 0x00000000eb180000, 0x0000000100000000)
  eden space 2560K, 0% used [0x00000000eab00000,0x00000000eab00000,0x00000000ead80000)
  from space 512K, 100% used [0x00000000eb100000,0x00000000eb180000,0x00000000eb180000)
  to   space 1024K, 0% used [0x00000000eaf80000,0x00000000eaf80000,0x00000000eb080000)
 ParOldGen       total 272384K, used 258753K [0x00000000c0000000, 0x00000000d0a00000, 0x00000000eab00000)
  object space 272384K, 94% used [0x00000000c0000000,0x00000000cfcb06c8,0x00000000d0a00000)
 Metaspace       used 86363K, committed 87936K, reserved 1179648K
  class space    used 10044K, committed 10752K, reserved 1048576K
}
Event: 57.588 GC heap before
{Heap before GC invocations=762 (full 4):
 PSYoungGen      total 3072K, used 3072K [0x00000000eab00000, 0x00000000eb180000, 0x0000000100000000)
  eden space 2560K, 100% used [0x00000000eab00000,0x00000000ead80000,0x00000000ead80000)
  from space 512K, 100% used [0x00000000eb100000,0x00000000eb180000,0x00000000eb180000)
  to   space 1024K, 0% used [0x00000000eaf80000,0x00000000eaf80000,0x00000000eb080000)
 ParOldGen       total 272384K, used 258753K [0x00000000c0000000, 0x00000000d0a00000, 0x00000000eab00000)
  object space 272384K, 94% used [0x00000000c0000000,0x00000000cfcb06c8,0x00000000d0a00000)
 Metaspace       used 86415K, committed 88000K, reserved 1179648K
  class space    used 10044K, committed 10752K, reserved 1048576K
}
Event: 57.589 GC heap after
{Heap after GC invocations=762 (full 4):
 PSYoungGen      total 3584K, used 288K [0x00000000eab00000, 0x00000000eb180000, 0x0000000100000000)
  eden space 2560K, 0% used [0x00000000eab00000,0x00000000eab00000,0x00000000ead80000)
  from space 1024K, 28% used [0x00000000eaf80000,0x00000000eafc8000,0x00000000eb080000)
  to   space 512K, 0% used [0x00000000eb100000,0x00000000eb100000,0x00000000eb180000)
 ParOldGen       total 272384K, used 258817K [0x00000000c0000000, 0x00000000d0a00000, 0x00000000eab00000)
  object space 272384K, 95% used [0x00000000c0000000,0x00000000cfcc06c8,0x00000000d0a00000)
 Metaspace       used 86415K, committed 88000K, reserved 1179648K
  class space    used 10044K, committed 10752K, reserved 1048576K
}
Event: 57.607 GC heap before
{Heap before GC invocations=763 (full 4):
 PSYoungGen      total 3584K, used 2848K [0x00000000eab00000, 0x00000000eb180000, 0x0000000100000000)
  eden space 2560K, 100% used [0x00000000eab00000,0x00000000ead80000,0x00000000ead80000)
  from space 1024K, 28% used [0x00000000eaf80000,0x00000000eafc8000,0x00000000eb080000)
  to   space 512K, 0% used [0x00000000eb100000,0x00000000eb100000,0x00000000eb180000)
 ParOldGen       total 272384K, used 258817K [0x00000000c0000000, 0x00000000d0a00000, 0x00000000eab00000)
  object space 272384K, 95% used [0x00000000c0000000,0x00000000cfcc06c8,0x00000000d0a00000)
 Metaspace       used 86440K, committed 88064K, reserved 1179648K
  class space    used 10044K, committed 10752K, reserved 1048576K
}
Event: 57.608 GC heap after
{Heap after GC invocations=763 (full 4):
 PSYoungGen      total 3072K, used 496K [0x00000000eab00000, 0x00000000eb180000, 0x0000000100000000)
  eden space 2560K, 0% used [0x00000000eab00000,0x00000000eab00000,0x00000000ead80000)
  from space 512K, 96% used [0x00000000eb100000,0x00000000eb17c010,0x00000000eb180000)
  to   space 1024K, 0% used [0x00000000eaf80000,0x00000000eaf80000,0x00000000eb080000)
 ParOldGen       total 272384K, used 259057K [0x00000000c0000000, 0x00000000d0a00000, 0x00000000eab00000)
  object space 272384K, 95% used [0x00000000c0000000,0x00000000cfcfc6e8,0x00000000d0a00000)
 Metaspace       used 86440K, committed 88064K, reserved 1179648K
  class space    used 10044K, committed 10752K, reserved 1048576K
}

